  ==> Training (25 iterations)

      Iteration    Log Likelihood    Accuracy
      ---------------------------------------
             1          -0.69315        0.500
             2          -0.33422        1.000
             3          -0.21130        1.000
             4          -0.15255        1.000
             5          -0.11874        1.000
             6          -0.09695        1.000
             7          -0.08179        1.000
             8          -0.07067        1.000
             9          -0.06217        1.000
            10          -0.05548        1.000
            11          -0.05007        1.000
            12          -0.04561        1.000
            13          -0.04187        1.000
            14          -0.03870        1.000
            15          -0.03597        1.000
            16          -0.03359        1.000
            17          -0.03151        1.000
            18          -0.02967        1.000
            19          -0.02803        1.000
            20          -0.02656        1.000
            21          -0.02524        1.000
            22          -0.02404        1.000
            23          -0.02295        1.000
         Final          -0.02195        1.000
Micro F1: 0.5
Macro F1: 0.3333333333333333   Weighted F1: 0.6666666666666666
